<?xml version="1.0" encoding="UTF-8"?>
<!-- Generated by org.testng.reporters.JUnitXMLReporter -->
<testsuite ignored="5" hostname="vishnu" failures="2" tests="6" name="chrome" time="460.184" errors="0" timestamp="2024-04-02T16:28:20 IST">
  <testcase classname="com.ID_Website.SmokeTests.LorealConsultAnExpert" name="consultAnExpert" time="43.434">
    <failure type="java.lang.AssertionError" message="expected [true] but found [false]">
      <![CDATA[java.lang.AssertionError: expected [true] but found [false]
at com.ID_Website.SmokeTests.LorealConsultAnExpert.consultAnExpert(LorealConsultAnExpert.java:54)
at java.base/java.util.ArrayList.forEach(ArrayList.java:1511)
... Removed 31 stack frames]]>
    </failure>
  </testcase> <!-- consultAnExpert -->
  <testcase classname="com.ID_Website.SmokeTests.LorealProductCheckout" name="productCheckout" time="19.337">
    <failure type="org.openqa.selenium.ElementClickInterceptedException" message="element click intercepted: Element is not clickable at point (617, 904)
  (Session info: chrome=123.0.6312.86)
Build info: version: &amp;apos;4.18.1&amp;apos;, revision: &amp;apos;b1d3319b48&amp;apos;
System info: os.name: &amp;apos;Windows 11&amp;apos;, os.arch: &amp;apos;amd64&amp;apos;, os.version: &amp;apos;10.0&amp;apos;, java.version: &amp;apos;17.0.9&amp;apos;
Driver info: org.openqa.selenium.chrome.ChromeDriver
Command: [7bace37193de934ca931b7e00fa1731b, clickElement {id=f.12AF46B028C3DEABA201E3B350CA48DA.d.2E77474510F0AE1ED94B7B05EC0C952B.e.17}]
Capabilities {acceptInsecureCerts: false, browserName: chrome, browserVersion: 123.0.6312.86, chrome: {chromedriverVersion: 123.0.6312.86 (9b72c47a0536..., userDataDir: C:\Users\vishn\AppData\Loca...}, fedcm:accounts: true, goog:chromeOptions: {debuggerAddress: localhost:60583}, networkConnectionEnabled: false, pageLoadStrategy: normal, platformName: windows, proxy: Proxy(), se:cdp: ws://localhost:60583/devtoo..., se:cdpVersion: 123.0.6312.86, setWindowRect: true, strictFileInteractability: false, timeouts: {implicit: 0, pageLoad: 300000, script: 30000}, unhandledPromptBehavior: dismiss and notify, webauthn:extension:credBlob: true, webauthn:extension:largeBlob: true, webauthn:extension:minPinLength: true, webauthn:extension:prf: true, webauthn:virtualAuthenticators: true}
Element: [[ChromeDriver: chrome on windows (7bace37193de934ca931b7e00fa1731b)] -&amp;gt; xpath: //a[@href=&amp;apos;https://test.lorealsalonshop.co.id/brands/Mg== &amp;apos;]//img]
Session ID: 7bace37193de934ca931b7e00fa1731b">
      <![CDATA[org.openqa.selenium.ElementClickInterceptedException: element click intercepted: Element is not clickable at point (617, 904)
  (Session info: chrome=123.0.6312.86)
Build info: version: '4.18.1', revision: 'b1d3319b48'
System info: os.name: 'Windows 11', os.arch: 'amd64', os.version: '10.0', java.version: '17.0.9'
Driver info: org.openqa.selenium.chrome.ChromeDriver
Command: [7bace37193de934ca931b7e00fa1731b, clickElement {id=f.12AF46B028C3DEABA201E3B350CA48DA.d.2E77474510F0AE1ED94B7B05EC0C952B.e.17}]
Capabilities {acceptInsecureCerts: false, browserName: chrome, browserVersion: 123.0.6312.86, chrome: {chromedriverVersion: 123.0.6312.86 (9b72c47a0536..., userDataDir: C:\Users\vishn\AppData\Loca...}, fedcm:accounts: true, goog:chromeOptions: {debuggerAddress: localhost:60583}, networkConnectionEnabled: false, pageLoadStrategy: normal, platformName: windows, proxy: Proxy(), se:cdp: ws://localhost:60583/devtoo..., se:cdpVersion: 123.0.6312.86, setWindowRect: true, strictFileInteractability: false, timeouts: {implicit: 0, pageLoad: 300000, script: 30000}, unhandledPromptBehavior: dismiss and notify, webauthn:extension:credBlob: true, webauthn:extension:largeBlob: true, webauthn:extension:minPinLength: true, webauthn:extension:prf: true, webauthn:virtualAuthenticators: true}
Element: [[ChromeDriver: chrome on windows (7bace37193de934ca931b7e00fa1731b)] -> xpath: //a[@href='https://test.lorealsalonshop.co.id/brands/Mg== ']//img]
Session ID: 7bace37193de934ca931b7e00fa1731b
at org.openqa.selenium.remote.ErrorCodec.decode(ErrorCodec.java:167)
at org.openqa.selenium.remote.codec.w3c.W3CHttpResponseCodec.decode(W3CHttpResponseCodec.java:138)
at org.openqa.selenium.remote.codec.w3c.W3CHttpResponseCodec.decode(W3CHttpResponseCodec.java:50)
at org.openqa.selenium.remote.HttpCommandExecutor.execute(HttpCommandExecutor.java:190)
at org.openqa.selenium.remote.service.DriverCommandExecutor.invokeExecute(DriverCommandExecutor.java:216)
at org.openqa.selenium.remote.service.DriverCommandExecutor.execute(DriverCommandExecutor.java:174)
at org.openqa.selenium.remote.RemoteWebDriver.execute(RemoteWebDriver.java:519)
at org.openqa.selenium.remote.RemoteWebElement.execute(RemoteWebElement.java:223)
at org.openqa.selenium.remote.RemoteWebElement.click(RemoteWebElement.java:76)
at com.ID_Website.Pages.SelectBrand.loreal(SelectBrand.java:19)
at com.ID_Website.SmokeTests.LorealProductCheckout.productCheckout(LorealProductCheckout.java:36)
at java.base/java.util.ArrayList.forEach(ArrayList.java:1511)
... Removed 32 stack frames]]>
    </failure>
  </testcase> <!-- productCheckout -->
  <testcase classname="com.ID_Website.SmokeTests.LorealProSerCheckout" name="proserCheckout" time="36.673"/>
  <testcase classname="com.ID_Website.SmokeTests.LorealServiceCheckout" name="serviceCheckout" time="98.116"/>
  <testcase classname="com.ID_Website.SmokeTests.Loreal_Filters_Checkout" name="filtersCheckout" time="125.701"/>
  <testcase classname="com.ID_Website.SmokeTests.Loreal_Search_Checkout" name="searchCheckout" time="98.181"/>
  <testcase classname="com.ID_Website.utilities.BaseClass" name="@AfterTest SendingMail" time="0.0">
    <ignored/>
  </testcase> <!-- @AfterTest SendingMail -->
  <testcase classname="com.ID_Website.utilities.BaseClass" name="@AfterTest SendingMail" time="0.0">
    <ignored/>
  </testcase> <!-- @AfterTest SendingMail -->
  <testcase classname="com.ID_Website.utilities.BaseClass" name="@AfterTest SendingMail" time="0.0">
    <ignored/>
  </testcase> <!-- @AfterTest SendingMail -->
  <testcase classname="com.ID_Website.utilities.BaseClass" name="@AfterTest SendingMail" time="0.0">
    <ignored/>
  </testcase> <!-- @AfterTest SendingMail -->
  <testcase classname="com.ID_Website.utilities.BaseClass" name="@AfterTest SendingMail" time="0.0">
    <ignored/>
  </testcase> <!-- @AfterTest SendingMail -->
</testsuite> <!-- chrome -->
